{"contracts\\Token.sol":{"l":{"20":2,"21":2,"22":2,"23":2,"31":0,"39":0,"43":0,"51":0,"55":0,"60":0,"70":0,"79":0,"87":0},"path":"C:\\Users\\Punit\\Desktop\\qodeleaf\\assignment2\\contracts\\Token.sol","s":{"1":2,"2":2,"3":2,"4":2,"5":0,"6":0,"7":0,"8":0,"9":0,"10":0,"11":0,"12":0,"13":0},"b":{"1":[0,0]},"f":{"1":2,"2":0,"3":0,"4":0,"5":0,"6":0,"7":0,"8":0,"9":0},"fnMap":{"1":{"name":"constructor","line":19,"loc":{"start":{"line":14,"column":4},"end":{"line":24,"column":4}}},"2":{"name":"addMinter","line":28,"loc":{"start":{"line":26,"column":4},"end":{"line":32,"column":4}}},"3":{"name":"addBurner","line":36,"loc":{"start":{"line":34,"column":4},"end":{"line":40,"column":4}}},"4":{"name":"decimals","line":42,"loc":{"start":{"line":42,"column":4},"end":{"line":44,"column":4}}},"5":{"name":"mint","line":49,"loc":{"start":{"line":46,"column":4},"end":{"line":56,"column":4}}},"6":{"name":"pause","line":58,"loc":{"start":{"line":58,"column":4},"end":{"line":61,"column":4}}},"7":{"name":"transfer","line":66,"loc":{"start":{"line":63,"column":4},"end":{"line":71,"column":4}}},"8":{"name":"transferFrom","line":77,"loc":{"start":{"line":73,"column":4},"end":{"line":80,"column":4}}},"9":{"name":"burnFrom","line":85,"loc":{"start":{"line":82,"column":4},"end":{"line":88,"column":4}}}},"statementMap":{"1":{"start":{"line":20,"column":8},"end":{"line":20,"column":25}},"2":{"start":{"line":21,"column":8},"end":{"line":21,"column":49}},"3":{"start":{"line":22,"column":8},"end":{"line":22,"column":52}},"4":{"start":{"line":23,"column":8},"end":{"line":23,"column":52}},"5":{"start":{"line":31,"column":8},"end":{"line":31,"column":39}},"6":{"start":{"line":39,"column":8},"end":{"line":39,"column":39}},"7":{"start":{"line":43,"column":8},"end":{"line":43,"column":22}},"8":{"start":{"line":51,"column":8},"end":{"line":51,"column":1477}},"9":{"start":{"line":55,"column":8},"end":{"line":55,"column":35}},"10":{"start":{"line":60,"column":8},"end":{"line":60,"column":15}},"11":{"start":{"line":70,"column":8},"end":{"line":70,"column":48}},"12":{"start":{"line":79,"column":8},"end":{"line":79,"column":60}},"13":{"start":{"line":87,"column":8},"end":{"line":87,"column":29}}},"branchMap":{"1":{"line":51,"type":"if","locations":[{"start":{"line":51,"column":8},"end":{"line":51,"column":8}},{"start":{"line":51,"column":8},"end":{"line":51,"column":8}}]}}},"contracts\\TokenFactory.sol":{"l":{"22":0,"28":0,"29":0,"30":0,"31":0,"35":0,"39":0,"43":0,"47":0,"48":0,"49":0,"50":0,"51":0,"52":0,"55":0},"path":"C:\\Users\\Punit\\Desktop\\qodeleaf\\assignment2\\contracts\\TokenFactory.sol","s":{"1":0,"2":0,"3":0,"4":0,"5":0,"6":0,"7":0,"8":0,"9":0,"10":0,"11":0,"12":0,"13":0,"14":0},"b":{"1":[0,0]},"f":{"1":2,"2":0,"3":0,"4":0,"5":0,"6":0},"fnMap":{"1":{"name":"constructor","line":12,"loc":{"start":{"line":12,"column":4},"end":{"line":14,"column":4}}},"2":{"name":"deployToken","line":16,"loc":{"start":{"line":16,"column":4},"end":{"line":32,"column":4}}},"3":{"name":"pauseToken","line":34,"loc":{"start":{"line":34,"column":4},"end":{"line":36,"column":4}}},"4":{"name":"addMinterToToken","line":38,"loc":{"start":{"line":38,"column":4},"end":{"line":40,"column":4}}},"5":{"name":"addBurnerToToken","line":42,"loc":{"start":{"line":42,"column":4},"end":{"line":44,"column":4}}},"6":{"name":"totalSupply","line":46,"loc":{"start":{"line":46,"column":4},"end":{"line":56,"column":4}}}},"statementMap":{"1":{"start":{"line":22,"column":8},"end":{"line":22,"column":571}},"2":{"start":{"line":29,"column":8},"end":{"line":29,"column":55}},"3":{"start":{"line":30,"column":8},"end":{"line":30,"column":40}},"4":{"start":{"line":31,"column":8},"end":{"line":31,"column":27}},"5":{"start":{"line":35,"column":8},"end":{"line":35,"column":43}},"6":{"start":{"line":39,"column":7},"end":{"line":39,"column":52}},"7":{"start":{"line":43,"column":8},"end":{"line":43,"column":53}},"8":{"start":{"line":47,"column":8},"end":{"line":47,"column":32}},"9":{"start":{"line":48,"column":8},"end":{"line":48,"column":21}},"10":{"start":{"line":49,"column":8},"end":{"line":49,"column":1401}},"11":{"start":{"line":50,"column":12},"end":{"line":50,"column":65}},"12":{"start":{"line":51,"column":12},"end":{"line":51,"column":1526}},"13":{"start":{"line":52,"column":16},"end":{"line":52,"column":57}},"14":{"start":{"line":55,"column":8},"end":{"line":55,"column":27}}},"branchMap":{"1":{"line":51,"type":"if","locations":[{"start":{"line":51,"column":12},"end":{"line":51,"column":12}},{"start":{"line":51,"column":12},"end":{"line":51,"column":12}}]}}}}