TN:
SF:C:\Users\Punit\Desktop\qodeleaf\assignment2\contracts\Token.sol
FN:19,constructor
FN:28,addMinter
FN:36,addBurner
FN:42,decimals
FN:49,mint
FN:58,pause
FN:66,transfer
FN:77,transferFrom
FN:85,burnFrom
FNF:9
FNH:1
FNDA:2,constructor
FNDA:0,addMinter
FNDA:0,addBurner
FNDA:0,decimals
FNDA:0,mint
FNDA:0,pause
FNDA:0,transfer
FNDA:0,transferFrom
FNDA:0,burnFrom
DA:20,2
DA:21,2
DA:22,2
DA:23,2
DA:31,0
DA:39,0
DA:43,0
DA:51,0
DA:55,0
DA:60,0
DA:70,0
DA:79,0
DA:87,0
LF:13
LH:4
BRDA:51,1,0,0
BRDA:51,1,1,0
BRF:2
BRH:0
end_of_record
TN:
SF:C:\Users\Punit\Desktop\qodeleaf\assignment2\contracts\TokenFactory.sol
FN:12,constructor
FN:16,deployToken
FN:34,pauseToken
FN:38,addMinterToToken
FN:42,addBurnerToToken
FN:46,totalSupply
FNF:6
FNH:1
FNDA:2,constructor
FNDA:0,deployToken
FNDA:0,pauseToken
FNDA:0,addMinterToToken
FNDA:0,addBurnerToToken
FNDA:0,totalSupply
DA:22,0
DA:28,0
DA:29,0
DA:30,0
DA:31,0
DA:35,0
DA:39,0
DA:43,0
DA:47,0
DA:48,0
DA:49,0
DA:50,0
DA:51,0
DA:52,0
DA:55,0
LF:15
LH:0
BRDA:51,1,0,0
BRDA:51,1,1,0
BRF:2
BRH:0
end_of_record
